This file contains any messages produced by compilers while
running configure, to aid debugging if configure makes a mistake.

It was created by opium configure ac1.2, which was
generated by GNU Autoconf 2.59.  Invocation command line was

  $ ./configure 

## --------- ##
## Platform. ##
## --------- ##

hostname = hoponpop
uname -m = x86_64
uname -r = 3.10.3-1-ARCH
uname -s = Linux
uname -v = #1 SMP PREEMPT Fri Jul 26 11:26:59 CEST 2013

/usr/bin/uname -p = unknown
/bin/uname -X     = unknown

/bin/arch              = unknown
/usr/bin/arch -k       = unknown
/usr/convex/getsysinfo = unknown
hostinfo               = unknown
/bin/machine           = unknown
/usr/bin/oslevel       = unknown
/bin/universe          = unknown

PATH: /usr/lib/qt4/bin
PATH: /opt/xcrysden-1.5.53-bin-shared
PATH: /usr/local/sbin
PATH: /usr/local/bin
PATH: /usr/bin
PATH: /usr/bin/core_perl
PATH: /opt/xcrysden-1.5.53-bin-shared/scripts
PATH: /opt/xcrysden-1.5.53-bin-shared/util
PATH: /home/lztan/myprogs/bin
PATH: /home/lztan/myprogs/bin


## ----------- ##
## Core tests. ##
## ----------- ##

configure:1378: checking build system type
configure:1396: result: x86_64-unknown-linux-gnu
configure:1404: checking host system type
configure:1418: result: x86_64-unknown-linux-gnu
configure:1483: checking for ifort
configure:1512: result: no
configure:1483: checking for ifc
configure:1512: result: no
configure:1483: checking for efc
configure:1512: result: no
configure:1483: checking for gfortran
configure:1499: found /usr/bin/gfortran
configure:1509: result: gfortran
configure:1524: checking for Fortran 77 compiler version
configure:1527: gfortran --version </dev/null >&5
GNU Fortran (GCC) 4.8.1
Copyright (C) 2013 Free Software Foundation, Inc.

GNU Fortran comes with NO WARRANTY, to the extent permitted by law.
You may redistribute copies of GNU Fortran
under the terms of the GNU General Public License.
For more information about these matters, see the file named COPYING

configure:1530: $? = 0
configure:1532: gfortran -v </dev/null >&5
Using built-in specs.
COLLECT_GCC=gfortran
COLLECT_LTO_WRAPPER=/usr/lib/gcc/x86_64-unknown-linux-gnu/4.8.1/lto-wrapper
Target: x86_64-unknown-linux-gnu
Configured with: /build/gcc/src/gcc-4.8.1/configure --prefix=/usr --libdir=/usr/lib --libexecdir=/usr/lib --mandir=/usr/share/man --infodir=/usr/share/info --with-bugurl=https://bugs.archlinux.org/ --enable-languages=c,c++,ada,fortran,go,lto,objc,obj-c++ --enable-shared --enable-threads=posix --with-system-zlib --enable-__cxa_atexit --disable-libunwind-exceptions --enable-clocale=gnu --disable-libstdcxx-pch --enable-gnu-unique-object --enable-linker-build-id --enable-cloog-backend=isl --disable-cloog-version-check --enable-lto --enable-gold --enable-ld=default --enable-plugin --with-plugin-ld=ld.gold --with-linker-hash-style=gnu --disable-install-libiberty --disable-multilib --disable-libssp --disable-werror --enable-checking=release
Thread model: posix
gcc version 4.8.1 (GCC) 
configure:1535: $? = 0
configure:1537: gfortran -V </dev/null >&5
gfortran: error: unrecognized command line option '-V'
gfortran: fatal error: no input files
compilation terminated.
configure:1540: $? = 1
configure:1554: checking for Fortran 77 compiler default output file name
configure:1557: gfortran   conftest.f  >&5
configure:1560: $? = 0
configure:1606: result: a.out
configure:1611: checking whether the Fortran 77 compiler works
configure:1617: ./a.out
configure:1620: $? = 0
configure:1637: result: yes
configure:1644: checking whether we are cross compiling
configure:1646: result: no
configure:1649: checking for suffix of executables
configure:1651: gfortran -o conftest   conftest.f  >&5
configure:1654: $? = 0
configure:1679: result: 
configure:1685: checking for suffix of object files
configure:1696: gfortran -c  conftest.f >&5
configure:1699: $? = 0
configure:1721: result: o
configure:1729: checking whether we are using the GNU Fortran 77 compiler
configure:1743: gfortran -c  conftest.F >&5
configure:1749: $? = 0
configure:1753: test -z 
			 || test ! -s conftest.err
configure:1756: $? = 0
configure:1759: test -s conftest.o
configure:1762: $? = 0
configure:1775: result: yes
configure:1781: checking whether gfortran accepts -g
configure:1793: gfortran -c -g conftest.f >&5
configure:1799: $? = 0
configure:1803: test -z 
			 || test ! -s conftest.err
configure:1806: $? = 0
configure:1809: test -s conftest.o
configure:1812: $? = 0
configure:1824: result: yes
configure:1854: checking how to get verbose linking output from gfortran
configure:1865: gfortran -c -g -O2 conftest.f >&5
configure:1871: $? = 0
configure:1875: test -z 
			 || test ! -s conftest.err
configure:1878: $? = 0
configure:1881: test -s conftest.o
configure:1884: $? = 0
configure:1901: gfortran -o conftest -g -O2 -v  conftest.f  >&5
Using built-in specs.
COLLECT_GCC=gfortran
COLLECT_LTO_WRAPPER=/usr/lib/gcc/x86_64-unknown-linux-gnu/4.8.1/lto-wrapper
Target: x86_64-unknown-linux-gnu
Configured with: /build/gcc/src/gcc-4.8.1/configure --prefix=/usr --libdir=/usr/lib --libexecdir=/usr/lib --mandir=/usr/share/man --infodir=/usr/share/info --with-bugurl=https://bugs.archlinux.org/ --enable-languages=c,c++,ada,fortran,go,lto,objc,obj-c++ --enable-shared --enable-threads=posix --with-system-zlib --enable-__cxa_atexit --disable-libunwind-exceptions --enable-clocale=gnu --disable-libstdcxx-pch --enable-gnu-unique-object --enable-linker-build-id --enable-cloog-backend=isl --disable-cloog-version-check --enable-lto --enable-gold --enable-ld=default --enable-plugin --with-plugin-ld=ld.gold --with-linker-hash-style=gnu --disable-install-libiberty --disable-multilib --disable-libssp --disable-werror --enable-checking=release
Thread model: posix
gcc version 4.8.1 (GCC) 
COLLECT_GCC_OPTIONS='-o' 'conftest' '-g' '-O2' '-v' '-shared-libgcc' '-mtune=generic' '-march=x86-64'
 /usr/lib/gcc/x86_64-unknown-linux-gnu/4.8.1/f951 conftest.f -ffixed-form -quiet -dumpbase conftest.f -mtune=generic -march=x86-64 -auxbase conftest -g -O2 -version -fintrinsic-modules-path /usr/lib/gcc/x86_64-unknown-linux-gnu/4.8.1/finclude -o /tmp/cclUrivm.s
GNU Fortran (GCC) version 4.8.1 (x86_64-unknown-linux-gnu)
	compiled by GNU C version 4.8.1, GMP version 5.1.2, MPFR version 3.1.2, MPC version 1.0.1
GGC heuristics: --param ggc-min-expand=100 --param ggc-min-heapsize=131072
GNU Fortran (GCC) version 4.8.1 (x86_64-unknown-linux-gnu)
	compiled by GNU C version 4.8.1, GMP version 5.1.2, MPFR version 3.1.2, MPC version 1.0.1
GGC heuristics: --param ggc-min-expand=100 --param ggc-min-heapsize=131072
COLLECT_GCC_OPTIONS='-o' 'conftest' '-g' '-O2' '-v' '-shared-libgcc' '-mtune=generic' '-march=x86-64'
 as -v --64 -o /tmp/ccLUUfCd.o /tmp/cclUrivm.s
GNU assembler version 2.23.2 (x86_64-unknown-linux-gnu) using BFD version (GNU Binutils) 2.23.2
Reading specs from /usr/lib/gcc/x86_64-unknown-linux-gnu/4.8.1/../../../../lib/libgfortran.spec
rename spec lib to liborig
COLLECT_GCC_OPTIONS='-o' 'conftest' '-g' '-O2' '-v' '-shared-libgcc' '-mtune=generic' '-march=x86-64'
COMPILER_PATH=/usr/lib/gcc/x86_64-unknown-linux-gnu/4.8.1/:/usr/lib/gcc/x86_64-unknown-linux-gnu/4.8.1/:/usr/lib/gcc/x86_64-unknown-linux-gnu/:/usr/lib/gcc/x86_64-unknown-linux-gnu/4.8.1/:/usr/lib/gcc/x86_64-unknown-linux-gnu/
LIBRARY_PATH=/usr/lib/gcc/x86_64-unknown-linux-gnu/4.8.1/:/usr/lib/gcc/x86_64-unknown-linux-gnu/4.8.1/../../../../lib/:/lib/../lib/:/usr/lib/../lib/:/usr/lib/gcc/x86_64-unknown-linux-gnu/4.8.1/../../../:/lib/:/usr/lib/
COLLECT_GCC_OPTIONS='-o' 'conftest' '-g' '-O2' '-v' '-shared-libgcc' '-mtune=generic' '-march=x86-64'
 /usr/lib/gcc/x86_64-unknown-linux-gnu/4.8.1/collect2 --build-id --eh-frame-hdr --hash-style=gnu -m elf_x86_64 -dynamic-linker /lib64/ld-linux-x86-64.so.2 -o conftest /usr/lib/gcc/x86_64-unknown-linux-gnu/4.8.1/../../../../lib/crt1.o /usr/lib/gcc/x86_64-unknown-linux-gnu/4.8.1/../../../../lib/crti.o /usr/lib/gcc/x86_64-unknown-linux-gnu/4.8.1/crtbegin.o -L/usr/lib/gcc/x86_64-unknown-linux-gnu/4.8.1 -L/usr/lib/gcc/x86_64-unknown-linux-gnu/4.8.1/../../../../lib -L/lib/../lib -L/usr/lib/../lib -L/usr/lib/gcc/x86_64-unknown-linux-gnu/4.8.1/../../.. /tmp/ccLUUfCd.o -lgfortran -lm -lgcc_s -lgcc -lquadmath -lm -lgcc_s -lgcc -lc -lgcc_s -lgcc /usr/lib/gcc/x86_64-unknown-linux-gnu/4.8.1/crtend.o /usr/lib/gcc/x86_64-unknown-linux-gnu/4.8.1/../../../../lib/crtn.o
configure:1956: result: -v
configure:1958: checking for Fortran libraries of gfortran
configure:1979: gfortran -o conftest -g -O2 -v  conftest.f  >&5
Using built-in specs.
COLLECT_GCC=gfortran
COLLECT_LTO_WRAPPER=/usr/lib/gcc/x86_64-unknown-linux-gnu/4.8.1/lto-wrapper
Target: x86_64-unknown-linux-gnu
Configured with: /build/gcc/src/gcc-4.8.1/configure --prefix=/usr --libdir=/usr/lib --libexecdir=/usr/lib --mandir=/usr/share/man --infodir=/usr/share/info --with-bugurl=https://bugs.archlinux.org/ --enable-languages=c,c++,ada,fortran,go,lto,objc,obj-c++ --enable-shared --enable-threads=posix --with-system-zlib --enable-__cxa_atexit --disable-libunwind-exceptions --enable-clocale=gnu --disable-libstdcxx-pch --enable-gnu-unique-object --enable-linker-build-id --enable-cloog-backend=isl --disable-cloog-version-check --enable-lto --enable-gold --enable-ld=default --enable-plugin --with-plugin-ld=ld.gold --with-linker-hash-style=gnu --disable-install-libiberty --disable-multilib --disable-libssp --disable-werror --enable-checking=release
Thread model: posix
gcc version 4.8.1 (GCC) 
COLLECT_GCC_OPTIONS='-o' 'conftest' '-g' '-O2' '-v' '-shared-libgcc' '-mtune=generic' '-march=x86-64'
 /usr/lib/gcc/x86_64-unknown-linux-gnu/4.8.1/f951 conftest.f -ffixed-form -quiet -dumpbase conftest.f -mtune=generic -march=x86-64 -auxbase conftest -g -O2 -version -fintrinsic-modules-path /usr/lib/gcc/x86_64-unknown-linux-gnu/4.8.1/finclude -o /tmp/cccg486u.s
GNU Fortran (GCC) version 4.8.1 (x86_64-unknown-linux-gnu)
	compiled by GNU C version 4.8.1, GMP version 5.1.2, MPFR version 3.1.2, MPC version 1.0.1
GGC heuristics: --param ggc-min-expand=100 --param ggc-min-heapsize=131072
GNU Fortran (GCC) version 4.8.1 (x86_64-unknown-linux-gnu)
	compiled by GNU C version 4.8.1, GMP version 5.1.2, MPFR version 3.1.2, MPC version 1.0.1
GGC heuristics: --param ggc-min-expand=100 --param ggc-min-heapsize=131072
COLLECT_GCC_OPTIONS='-o' 'conftest' '-g' '-O2' '-v' '-shared-libgcc' '-mtune=generic' '-march=x86-64'
 as -v --64 -o /tmp/ccAo3ptm.o /tmp/cccg486u.s
GNU assembler version 2.23.2 (x86_64-unknown-linux-gnu) using BFD version (GNU Binutils) 2.23.2
Reading specs from /usr/lib/gcc/x86_64-unknown-linux-gnu/4.8.1/../../../../lib/libgfortran.spec
rename spec lib to liborig
COLLECT_GCC_OPTIONS='-o' 'conftest' '-g' '-O2' '-v' '-shared-libgcc' '-mtune=generic' '-march=x86-64'
COMPILER_PATH=/usr/lib/gcc/x86_64-unknown-linux-gnu/4.8.1/:/usr/lib/gcc/x86_64-unknown-linux-gnu/4.8.1/:/usr/lib/gcc/x86_64-unknown-linux-gnu/:/usr/lib/gcc/x86_64-unknown-linux-gnu/4.8.1/:/usr/lib/gcc/x86_64-unknown-linux-gnu/
LIBRARY_PATH=/usr/lib/gcc/x86_64-unknown-linux-gnu/4.8.1/:/usr/lib/gcc/x86_64-unknown-linux-gnu/4.8.1/../../../../lib/:/lib/../lib/:/usr/lib/../lib/:/usr/lib/gcc/x86_64-unknown-linux-gnu/4.8.1/../../../:/lib/:/usr/lib/
COLLECT_GCC_OPTIONS='-o' 'conftest' '-g' '-O2' '-v' '-shared-libgcc' '-mtune=generic' '-march=x86-64'
 /usr/lib/gcc/x86_64-unknown-linux-gnu/4.8.1/collect2 --build-id --eh-frame-hdr --hash-style=gnu -m elf_x86_64 -dynamic-linker /lib64/ld-linux-x86-64.so.2 -o conftest /usr/lib/gcc/x86_64-unknown-linux-gnu/4.8.1/../../../../lib/crt1.o /usr/lib/gcc/x86_64-unknown-linux-gnu/4.8.1/../../../../lib/crti.o /usr/lib/gcc/x86_64-unknown-linux-gnu/4.8.1/crtbegin.o -L/usr/lib/gcc/x86_64-unknown-linux-gnu/4.8.1 -L/usr/lib/gcc/x86_64-unknown-linux-gnu/4.8.1/../../../../lib -L/lib/../lib -L/usr/lib/../lib -L/usr/lib/gcc/x86_64-unknown-linux-gnu/4.8.1/../../.. /tmp/ccAo3ptm.o -lgfortran -lm -lgcc_s -lgcc -lquadmath -lm -lgcc_s -lgcc -lc -lgcc_s -lgcc /usr/lib/gcc/x86_64-unknown-linux-gnu/4.8.1/crtend.o /usr/lib/gcc/x86_64-unknown-linux-gnu/4.8.1/../../../../lib/crtn.o
configure:2140: result:  -L/usr/lib/gcc/x86_64-unknown-linux-gnu/4.8.1 -L/usr/lib/gcc/x86_64-unknown-linux-gnu/4.8.1/../../../../lib -L/lib/../lib -L/usr/lib/../lib -L/usr/lib/gcc/x86_64-unknown-linux-gnu/4.8.1/../../.. -lgfortran -lm -lgcc_s -lquadmath
configure:2214: checking for ccc
configure:2243: result: no
configure:2214: checking for pgcc
configure:2243: result: no
configure:2214: checking for icc
configure:2243: result: no
configure:2214: checking for ecc
configure:2243: result: no
configure:2214: checking for pathcc
configure:2243: result: no
configure:2214: checking for gcc
configure:2230: found /usr/bin/gcc
configure:2240: result: gcc
configure:2261: checking for C compiler version
configure:2264: gcc --version </dev/null >&5
gcc (GCC) 4.8.1
Copyright (C) 2013 Free Software Foundation, Inc.
This is free software; see the source for copying conditions.  There is NO
warranty; not even for MERCHANTABILITY or FITNESS FOR A PARTICULAR PURPOSE.

configure:2267: $? = 0
configure:2269: gcc -v </dev/null >&5
Using built-in specs.
COLLECT_GCC=gcc
COLLECT_LTO_WRAPPER=/usr/lib/gcc/x86_64-unknown-linux-gnu/4.8.1/lto-wrapper
Target: x86_64-unknown-linux-gnu
Configured with: /build/gcc/src/gcc-4.8.1/configure --prefix=/usr --libdir=/usr/lib --libexecdir=/usr/lib --mandir=/usr/share/man --infodir=/usr/share/info --with-bugurl=https://bugs.archlinux.org/ --enable-languages=c,c++,ada,fortran,go,lto,objc,obj-c++ --enable-shared --enable-threads=posix --with-system-zlib --enable-__cxa_atexit --disable-libunwind-exceptions --enable-clocale=gnu --disable-libstdcxx-pch --enable-gnu-unique-object --enable-linker-build-id --enable-cloog-backend=isl --disable-cloog-version-check --enable-lto --enable-gold --enable-ld=default --enable-plugin --with-plugin-ld=ld.gold --with-linker-hash-style=gnu --disable-install-libiberty --disable-multilib --disable-libssp --disable-werror --enable-checking=release
Thread model: posix
gcc version 4.8.1 (GCC) 
configure:2272: $? = 0
configure:2274: gcc -V </dev/null >&5
gcc: error: unrecognized command line option '-V'
gcc: fatal error: no input files
compilation terminated.
configure:2277: $? = 1
configure:2280: checking whether we are using the GNU C compiler
configure:2304: gcc -c   conftest.c >&5
configure:2310: $? = 0
configure:2314: test -z 
			 || test ! -s conftest.err
configure:2317: $? = 0
configure:2320: test -s conftest.o
configure:2323: $? = 0
configure:2336: result: yes
configure:2342: checking whether gcc accepts -g
configure:2363: gcc -c -g  conftest.c >&5
configure:2369: $? = 0
configure:2373: test -z 
			 || test ! -s conftest.err
configure:2376: $? = 0
configure:2379: test -s conftest.o
configure:2382: $? = 0
configure:2393: result: yes
configure:2410: checking for gcc option to accept ANSI C
configure:2480: gcc  -c -g -O2  conftest.c >&5
configure:2486: $? = 0
configure:2490: test -z 
			 || test ! -s conftest.err
configure:2493: $? = 0
configure:2496: test -s conftest.o
configure:2499: $? = 0
configure:2517: result: none needed
configure:2535: gcc -c -g -O2  conftest.c >&5
conftest.c:2:3: error: unknown type name 'choke'
   choke me
   ^
conftest.c:2:3: error: expected '=', ',', ';', 'asm' or '__attribute__' at end of input
configure:2541: $? = 1
configure: failed program was:
| #ifndef __cplusplus
|   choke me
| #endif
configure:2690: checking how to run the C preprocessor
configure:2725: gcc -E  conftest.c
configure:2731: $? = 0
configure:2763: gcc -E  conftest.c
conftest.c:9:28: fatal error: ac_nonexistent.h: No such file or directory
 #include <ac_nonexistent.h>
                            ^
compilation terminated.
configure:2769: $? = 1
configure: failed program was:
| /* confdefs.h.  */
| 
| #define PACKAGE_NAME "opium"
| #define PACKAGE_TARNAME "opium"
| #define PACKAGE_VERSION "ac1.2"
| #define PACKAGE_STRING "opium ac1.2"
| #define PACKAGE_BUGREPORT "ejwalt@wm.edu"
| /* end confdefs.h.  */
| #include <ac_nonexistent.h>
configure:2808: result: gcc -E
configure:2832: gcc -E  conftest.c
configure:2838: $? = 0
configure:2870: gcc -E  conftest.c
conftest.c:9:28: fatal error: ac_nonexistent.h: No such file or directory
 #include <ac_nonexistent.h>
                            ^
compilation terminated.
configure:2876: $? = 1
configure: failed program was:
| /* confdefs.h.  */
| 
| #define PACKAGE_NAME "opium"
| #define PACKAGE_TARNAME "opium"
| #define PACKAGE_VERSION "ac1.2"
| #define PACKAGE_STRING "opium ac1.2"
| #define PACKAGE_BUGREPORT "ejwalt@wm.edu"
| /* end confdefs.h.  */
| #include <ac_nonexistent.h>
configure:2937: checking for cpp
configure:2955: found /usr/bin/cpp
configure:2968: result: /usr/bin/cpp
configure:2977: checking if /usr/bin/cpp needs -traditional
configure:2985: result: no
configure:3000: checking if /usr/bin/cpp is broken with unnecessary pragma statements
configure:3025: result: no
configure:3031: checking whether make sets $(MAKE)
configure:3051: result: yes
configure:3101: checking for ranlib
configure:3117: found /usr/bin/ranlib
configure:3128: result: ranlib
configure:3144: checking for ar
configure:3162: found /usr/bin/ar
configure:3175: result: /usr/bin/ar
configure:3194: checking for cos in -lm
configure:3224: gcc -o conftest -g -O2   conftest.c -lm   >&5
conftest.c:16:6: warning: conflicting types for built-in function 'cos' [enabled by default]
 char cos ();
      ^
configure:3230: $? = 0
configure:3234: test -z 
			 || test ! -s conftest.err
configure:3237: $? = 0
configure:3240: test -s conftest
configure:3243: $? = 0
configure:3256: result: yes
configure:3542: checking for fort77
configure:3573: result: huh
configure:4107: checking for ANSI C header files
configure:4132: gcc -c -g -O2  conftest.c >&5
configure:4138: $? = 0
configure:4142: test -z 
			 || test ! -s conftest.err
configure:4145: $? = 0
configure:4148: test -s conftest.o
configure:4151: $? = 0
configure:4263: result: no
configure:4289: checking stdlib.h usability
configure:4301: gcc -c -g -O2  conftest.c >&5
configure:4307: $? = 0
configure:4311: test -z 
			 || test ! -s conftest.err
configure:4314: $? = 0
configure:4317: test -s conftest.o
configure:4320: $? = 0
configure:4330: result: yes
configure:4334: checking stdlib.h presence
configure:4344: gcc -E  conftest.c
configure:4350: $? = 0
configure:4370: result: yes
configure:4405: checking for stdlib.h
configure:4412: result: yes
configure:4289: checking string.h usability
configure:4301: gcc -c -g -O2  conftest.c >&5
configure:4307: $? = 0
configure:4311: test -z 
			 || test ! -s conftest.err
configure:4314: $? = 0
configure:4317: test -s conftest.o
configure:4320: $? = 0
configure:4330: result: yes
configure:4334: checking string.h presence
configure:4344: gcc -E  conftest.c
configure:4350: $? = 0
configure:4370: result: yes
configure:4405: checking for string.h
configure:4412: result: yes
configure:4289: checking unistd.h usability
configure:4301: gcc -c -g -O2  conftest.c >&5
configure:4307: $? = 0
configure:4311: test -z 
			 || test ! -s conftest.err
configure:4314: $? = 0
configure:4317: test -s conftest.o
configure:4320: $? = 0
configure:4330: result: yes
configure:4334: checking unistd.h presence
configure:4344: gcc -E  conftest.c
configure:4350: $? = 0
configure:4370: result: yes
configure:4405: checking for unistd.h
configure:4412: result: yes
configure:4427: checking for an ANSI C-conforming const
configure:4494: gcc -c -g -O2  conftest.c >&5
configure:4500: $? = 0
configure:4504: test -z 
			 || test ! -s conftest.err
configure:4507: $? = 0
configure:4510: test -s conftest.o
configure:4513: $? = 0
configure:4524: result: yes
configure:4670: creating ./config.status

## ---------------------- ##
## Running config.status. ##
## ---------------------- ##

This file was extended by opium config.status ac1.2, which was
generated by GNU Autoconf 2.59.  Invocation command line was

  CONFIG_FILES    = 
  CONFIG_HEADERS  = 
  CONFIG_LINKS    = 
  CONFIG_COMMANDS = 
  $ ./config.status 

on hoponpop

config.status:657: creating makevars

## ---------------- ##
## Cache variables. ##
## ---------------- ##

ac_cv_build=x86_64-unknown-linux-gnu
ac_cv_build_alias=x86_64-unknown-linux-gnu
ac_cv_c_compiler_gnu=yes
ac_cv_c_const=yes
ac_cv_env_CC_set=
ac_cv_env_CC_value=
ac_cv_env_CFLAGS_set=
ac_cv_env_CFLAGS_value=
ac_cv_env_CPPFLAGS_set=
ac_cv_env_CPPFLAGS_value=
ac_cv_env_CPP_set=
ac_cv_env_CPP_value=
ac_cv_env_F77_set=
ac_cv_env_F77_value=
ac_cv_env_FFLAGS_set=
ac_cv_env_FFLAGS_value=
ac_cv_env_LDFLAGS_set=
ac_cv_env_LDFLAGS_value=
ac_cv_env_build_alias_set=
ac_cv_env_build_alias_value=
ac_cv_env_host_alias_set=
ac_cv_env_host_alias_value=
ac_cv_env_target_alias_set=
ac_cv_env_target_alias_value=
ac_cv_exeext=
ac_cv_f77_compiler_gnu=yes
ac_cv_f77_libs=' -L/usr/lib/gcc/x86_64-unknown-linux-gnu/4.8.1 -L/usr/lib/gcc/x86_64-unknown-linux-gnu/4.8.1/../../../../lib -L/lib/../lib -L/usr/lib/../lib -L/usr/lib/gcc/x86_64-unknown-linux-gnu/4.8.1/../../.. -lgfortran -lm -lgcc_s -lquadmath'
ac_cv_header_stdc=no
ac_cv_header_stdlib_h=yes
ac_cv_header_string_h=yes
ac_cv_header_unistd_h=yes
ac_cv_host=x86_64-unknown-linux-gnu
ac_cv_host_alias=x86_64-unknown-linux-gnu
ac_cv_lib_m_cos=yes
ac_cv_objext=o
ac_cv_path_AR=/usr/bin/ar
ac_cv_path_FPP=/usr/bin/cpp
ac_cv_path_XFORT77=huh
ac_cv_prog_CPP='gcc -E'
ac_cv_prog_ac_ct_CC=gcc
ac_cv_prog_ac_ct_F77=gfortran
ac_cv_prog_ac_ct_RANLIB=ranlib
ac_cv_prog_cc_g=yes
ac_cv_prog_cc_stdc=
ac_cv_prog_f77_g=yes
ac_cv_prog_f77_v=-v
ac_cv_prog_make_make_set=yes

## ----------------- ##
## Output variables. ##
## ----------------- ##

AR='/usr/bin/ar'
CC='gcc'
CFLAGS='-I../include -I../FlexiLib -I../uniPPlib -g -O2 -DCSYS=\"'Linux 3.10.3-1-ARCH unknown'\" -DCHOST=\"hoponpop\" -DCDATE=\"'Fri Aug 28 16:56:38 EDT 2015'\" '
CPP='gcc -E'
CPPFLAGS=''
DEFS='-DPACKAGE_NAME=\"opium\" -DPACKAGE_TARNAME=\"opium\" -DPACKAGE_VERSION=\"ac1.2\" -DPACKAGE_STRING=\"opium\ ac1.2\" -DPACKAGE_BUGREPORT=\"ejwalt@wm.edu\" -DHAVE_STDLIB_H=1 -DHAVE_STRING_H=1 -DHAVE_UNISTD_H=1 '
ECHO_C=''
ECHO_N='-n'
ECHO_T=''
EGREP=''
EXEEXT=''
F2C_H=''
F77='gfortran'
FC='gfortran'
FFLAGS='-g -O2'
FLIBS=' -L/usr/lib/gcc/x86_64-unknown-linux-gnu/4.8.1 -L/usr/lib/gcc/x86_64-unknown-linux-gnu/4.8.1/../../../../lib -L/lib/../lib -L/usr/lib/../lib -L/usr/lib/gcc/x86_64-unknown-linux-gnu/4.8.1/../../.. -lgfortran -lm -lgcc_s -lquadmath'
FPP='/usr/bin/cpp'
FPPFLAGS=''
LD='gfortran'
LDFLAGS='-lm -fdefault-real-8 -fno-automatic  -lm'
LIBOBJS=''
LIBS=''
LTLIBOBJS=''
NOOPT='-O0'
OBJEXT='o'
PACKAGE_BUGREPORT='ejwalt@wm.edu'
PACKAGE_NAME='opium'
PACKAGE_STRING='opium ac1.2'
PACKAGE_TARNAME='opium'
PACKAGE_VERSION='ac1.2'
PATH_SEPARATOR=':'
RANLIB='ranlib'
SET_MAKE=''
SHELL='/bin/sh'
XFORT77='huh'
XPGF77=''
ac_ct_CC='gcc'
ac_ct_F77='gfortran'
ac_ct_RANLIB='ranlib'
bindir='${exec_prefix}/bin'
build='x86_64-unknown-linux-gnu'
build_alias=''
build_cpu='x86_64'
build_os='linux-gnu'
build_vendor='unknown'
datadir='${prefix}/share'
exec_prefix='${prefix}'
host='x86_64-unknown-linux-gnu'
host_alias=''
host_cpu='x86_64'
host_os='linux-gnu'
host_vendor='unknown'
includedir='${prefix}/include'
infodir='${prefix}/info'
libdir='${exec_prefix}/lib'
libexecdir='${exec_prefix}/libexec'
localstatedir='${prefix}/var'
mandir='${prefix}/man'
oldincludedir='/usr/include'
prefix='/usr/local'
program_transform_name='s,x,x,'
sbindir='${exec_prefix}/sbin'
sharedstatedir='${prefix}/com'
sysconfdir='${prefix}/etc'
target_alias=''

## ----------- ##
## confdefs.h. ##
## ----------- ##

#define HAVE_STDLIB_H 1
#define HAVE_STRING_H 1
#define HAVE_UNISTD_H 1
#define PACKAGE_BUGREPORT "ejwalt@wm.edu"
#define PACKAGE_NAME "opium"
#define PACKAGE_STRING "opium ac1.2"
#define PACKAGE_TARNAME "opium"
#define PACKAGE_VERSION "ac1.2"

configure: exit 0
